[0m[[0m[0mdebug[0m] [0m[0m> Exec(;Test/compile; collectAnalyses, None, Some(CommandSource(network-1)))[0m
[0m[[0m[0mdebug[0m] [0m[0munmatched Processing event for requestId None: None[0m
[0m[[0m[0mdebug[0m] [0m[0munmatched Done event for requestId None: None[0m
[0m[[0m[0mdebug[0m] [0m[0m> Exec(Test/compile, None, Some(CommandSource(network-1)))[0m
[0m[[0m[0mdebug[0m] [0m[0munmatched Processing event for requestId None: None[0m
[0m[[0m[0mdebug[0m] [0m[0mEvaluating tasks: Test / compile[0m
[0m[[0m[0mdebug[0m] [0m[0mRunning task... Cancel: Signal, check cycles: false, forcegc: true[0m
[0m[[0m[0mdebug[0m] [0m[0mjsonRpcNotify: JsonRpcNotificationMessage(2.0, build/taskStart, {"taskId":{"id":"299","parents":[]},"eventTime":1653702196704,"message":"Compiling project2","dataKind":"compile-task","data":{"target":{"uri":"file:/C:/Users/Home/Desktop/Big-Data/project2/#project2/Compile"}}})[0m
[0m[[0m[0minfo[0m] [0m[0mcompiling 1 Scala source to C:\Users\Home\Desktop\Big-Data\project2\target\scala-2.11\classes ...[0m
[0m[[0m[0mdebug[0m] [0m[0mjsonRpcNotify: JsonRpcNotificationMessage(2.0, build/logMessage, {"type":3,"message":"compiling 1 Scala source to C:\\Users\\Home\\Desktop\\Big-Data\\project2\\target\\scala-2.11\\classes ..."})[0m
[0m[[0m[0mdebug[0m] [0m[0mjsonRpcNotify: JsonRpcNotificationMessage(2.0, build/taskProgress, {"taskId":{"id":"299","parents":[]},"eventTime":1653702197531,"message":"Compiling project2 (25%)","total":27,"progress":25,"dataKind":"compile-progress","data":{"target":{"uri":"file:/C:/Users/Home/Desktop/Big-Data/project2/#project2/Compile"}}})[0m
[0m[[0m[0mdebug[0m] [0m[0mjsonRpcNotify: JsonRpcNotificationMessage(2.0, build/taskProgress, {"taskId":{"id":"299","parents":[]},"eventTime":1653702197531,"message":"Compiling project2 (25%)","total":27,"progress":25,"dataKind":"compile-progress","data":{"target":{"uri":"file:/C:/Users/Home/Desktop/Big-Data/project2/#project2/Compile"}}})[0m
[0m[[0m[0mdebug[0m] [0m[0mjsonRpcNotify: JsonRpcNotificationMessage(2.0, build/taskProgress, {"taskId":{"id":"299","parents":[]},"eventTime":1653702197556,"message":"Compiling project2 (40%)","total":27,"progress":40,"dataKind":"compile-progress","data":{"target":{"uri":"file:/C:/Users/Home/Desktop/Big-Data/project2/#project2/Compile"}}})[0m
[0m[[0m[0mdebug[0m] [0m[0mjsonRpcNotify: JsonRpcNotificationMessage(2.0, build/taskProgress, {"taskId":{"id":"299","parents":[]},"eventTime":1653702197556,"message":"Compiling project2 (40%)","total":27,"progress":40,"dataKind":"compile-progress","data":{"target":{"uri":"file:/C:/Users/Home/Desktop/Big-Data/project2/#project2/Compile"}}})[0m
[0m[[0m[0mdebug[0m] [0m[0mjsonRpcNotify: JsonRpcNotificationMessage(2.0, build/taskProgress, {"taskId":{"id":"299","parents":[]},"eventTime":1653702197756,"message":"Compiling project2 (55%)","total":27,"progress":55,"dataKind":"compile-progress","data":{"target":{"uri":"file:/C:/Users/Home/Desktop/Big-Data/project2/#project2/Compile"}}})[0m
[0m[[0m[0mdebug[0m] [0m[0mjsonRpcNotify: JsonRpcNotificationMessage(2.0, build/taskProgress, {"taskId":{"id":"299","parents":[]},"eventTime":1653702197756,"message":"Compiling project2 (55%)","total":27,"progress":55,"dataKind":"compile-progress","data":{"target":{"uri":"file:/C:/Users/Home/Desktop/Big-Data/project2/#project2/Compile"}}})[0m
[0m[[0m[0mdebug[0m] [0m[0mjsonRpcNotify: JsonRpcNotificationMessage(2.0, build/taskProgress, {"taskId":{"id":"299","parents":[]},"eventTime":1653702197948,"message":"Compiling project2 (70%)","total":27,"progress":70,"dataKind":"compile-progress","data":{"target":{"uri":"file:/C:/Users/Home/Desktop/Big-Data/project2/#project2/Compile"}}})[0m
[0m[[0m[0mdebug[0m] [0m[0mjsonRpcNotify: JsonRpcNotificationMessage(2.0, build/taskProgress, {"taskId":{"id":"299","parents":[]},"eventTime":1653702197949,"message":"Compiling project2 (70%)","total":27,"progress":70,"dataKind":"compile-progress","data":{"target":{"uri":"file:/C:/Users/Home/Desktop/Big-Data/project2/#project2/Compile"}}})[0m
[0m[[0m[0mdebug[0m] [0m[0mjsonRpcNotify: JsonRpcNotificationMessage(2.0, build/taskProgress, {"taskId":{"id":"299","parents":[]},"eventTime":1653702197955,"message":"Compiling project2 (85%)","total":27,"progress":85,"dataKind":"compile-progress","data":{"target":{"uri":"file:/C:/Users/Home/Desktop/Big-Data/project2/#project2/Compile"}}})[0m
[0m[[0m[0mdebug[0m] [0m[0mjsonRpcNotify: JsonRpcNotificationMessage(2.0, build/taskProgress, {"taskId":{"id":"299","parents":[]},"eventTime":1653702197955,"message":"Compiling project2 (85%)","total":27,"progress":85,"dataKind":"compile-progress","data":{"target":{"uri":"file:/C:/Users/Home/Desktop/Big-Data/project2/#project2/Compile"}}})[0m
[0m[[0m[0mdebug[0m] [0m[0mjsonRpcNotify: JsonRpcNotificationMessage(2.0, build/taskProgress, {"taskId":{"id":"299","parents":[]},"eventTime":1653702197985,"message":"Compiling project2 (100%)","total":27,"progress":100,"dataKind":"compile-progress","data":{"target":{"uri":"file:/C:/Users/Home/Desktop/Big-Data/project2/#project2/Compile"}}})[0m
[0m[[0m[0mdebug[0m] [0m[0mjsonRpcNotify: JsonRpcNotificationMessage(2.0, build/taskProgress, {"taskId":{"id":"299","parents":[]},"eventTime":1653702197985,"message":"Compiling project2 (100%)","total":27,"progress":100,"dataKind":"compile-progress","data":{"target":{"uri":"file:/C:/Users/Home/Desktop/Big-Data/project2/#project2/Compile"}}})[0m
[0m[[0m[0mdebug[0m] [0m[0mjsonRpcNotify: JsonRpcNotificationMessage(2.0, build/publishDiagnostics, {"textDocument":{"uri":"file:///C:/Users/Home/Desktop/Big-Data/project2/src/main/scala/project2.scala"},"buildTarget":{"uri":"file:/C:/Users/Home/Desktop/Big-Data/project2/#project2/Compile"},"diagnostics":[],"reset":true})[0m
[0m[[0m[0mdebug[0m] [0m[0mjsonRpcNotify: JsonRpcNotificationMessage(2.0, build/publishDiagnostics, {"textDocument":{"uri":"file:///C:/Users/Home/Desktop/Big-Data/project2/src/main/scala/Untitled-1.scala"},"buildTarget":{"uri":"file:/C:/Users/Home/Desktop/Big-Data/project2/#project2/Compile"},"diagnostics":[],"reset":true})[0m
[0m[[0m[0mdebug[0m] [0m[0mjsonRpcNotify: JsonRpcNotificationMessage(2.0, build/taskFinish, {"taskId":{"id":"299","parents":[]},"eventTime":1653702197994,"message":"Compiled project2","status":1,"dataKind":"compile-report","data":{"target":{"uri":"file:/C:/Users/Home/Desktop/Big-Data/project2/#project2/Compile"},"errors":0,"warnings":0,"time":1290}})[0m
[0m[[0m[0mdebug[0m] [0m[0mjsonRpcNotify: JsonRpcNotificationMessage(2.0, build/taskStart, {"taskId":{"id":"300","parents":[]},"eventTime":1653702198026,"message":"Compiling project2-test","dataKind":"compile-task","data":{"target":{"uri":"file:/C:/Users/Home/Desktop/Big-Data/project2/#project2/Test"}}})[0m
[0m[[0m[0mdebug[0m] [0m[0mjsonRpcNotify: JsonRpcNotificationMessage(2.0, build/taskFinish, {"taskId":{"id":"300","parents":[]},"eventTime":1653702198051,"message":"Compiled project2-test","status":1,"dataKind":"compile-report","data":{"target":{"uri":"file:/C:/Users/Home/Desktop/Big-Data/project2/#project2/Test"},"errors":0,"warnings":0,"time":25}})[0m
[0m[[0m[32msuccess[0m] [0m[0mTotal time: 2 s, completed May 27, 2022 9:43:18 PM[0m
[0m[[0m[0mdebug[0m] [0m[0munmatched Done event for requestId None: None[0m
[0m[[0m[0mdebug[0m] [0m[0m> Exec(collectAnalyses, None, Some(CommandSource(network-1)))[0m
[0m[[0m[0mdebug[0m] [0m[0munmatched Processing event for requestId None: None[0m
[0m[[0m[0mdebug[0m] [0m[0mEvaluating tasks: Compile / collectAnalyses[0m
[0m[[0m[0mdebug[0m] [0m[0mRunning task... Cancel: Signal, check cycles: false, forcegc: true[0m
[0m[[0m[0mdebug[0m] [0m[0manalysis location (C:\Users\Home\Desktop\Big-Data\project2\target\scala-2.11\zinc\inc_compile_2.11.zip,true)[0m
[0m[[0m[32msuccess[0m] [0m[0mTotal time: 0 s, completed May 27, 2022 9:43:18 PM[0m
[0m[[0m[0mdebug[0m] [0m[0munmatched Done event for requestId None: None[0m
[0m[[0m[0mdebug[0m] [0m[0m> Exec(shell, None, None)[0m
[0m[[0m[0mdebug[0m] [0m[0mForcing garbage collection...[0m
