[0m[[0m[0mdebug[0m] [0m[0m> Exec(;Test/compile; collectAnalyses, None, Some(CommandSource(network-1)))[0m
[0m[[0m[0mdebug[0m] [0m[0munmatched Processing event for requestId None: None[0m
[0m[[0m[0mdebug[0m] [0m[0munmatched Done event for requestId None: None[0m
[0m[[0m[0mdebug[0m] [0m[0m> Exec(Test/compile, None, Some(CommandSource(network-1)))[0m
[0m[[0m[0mdebug[0m] [0m[0munmatched Processing event for requestId None: None[0m
[0m[[0m[0mdebug[0m] [0m[0mEvaluating tasks: Test / compile[0m
[0m[[0m[0mdebug[0m] [0m[0mRunning task... Cancel: Signal, check cycles: false, forcegc: true[0m
[0m[[0m[0mdebug[0m] [0m[0mjsonRpcNotify: JsonRpcNotificationMessage(2.0, build/taskStart, {"taskId":{"id":"1258","parents":[]},"eventTime":1653794999190,"message":"Compiling project2","dataKind":"compile-task","data":{"target":{"uri":"file:/C:/Users/Home/Desktop/Big-Data/project2/#project2/Compile"}}})[0m
[0m[[0m[0mdebug[0m] [0m[0mjsonRpcNotify: JsonRpcNotificationMessage(2.0, build/publishDiagnostics, {"textDocument":{"uri":"file:///C:/Users/Home/Desktop/Big-Data/project2/src/main/scala/project2.scala"},"buildTarget":{"uri":"file:/C:/Users/Home/Desktop/Big-Data/project2/#project2/Compile"},"diagnostics":[],"reset":true})[0m
[0m[[0m[0mdebug[0m] [0m[0mjsonRpcNotify: JsonRpcNotificationMessage(2.0, build/publishDiagnostics, {"textDocument":{"uri":"file:///C:/Users/Home/Desktop/Big-Data/project2/src/main/scala/Untitled-1.scala"},"buildTarget":{"uri":"file:/C:/Users/Home/Desktop/Big-Data/project2/#project2/Compile"},"diagnostics":[],"reset":true})[0m
[0m[[0m[0mdebug[0m] [0m[0mjsonRpcNotify: JsonRpcNotificationMessage(2.0, build/taskFinish, {"taskId":{"id":"1258","parents":[]},"eventTime":1653794999215,"message":"Compiled project2","status":1,"dataKind":"compile-report","data":{"target":{"uri":"file:/C:/Users/Home/Desktop/Big-Data/project2/#project2/Compile"},"errors":0,"warnings":0,"time":25}})[0m
[0m[[0m[0mdebug[0m] [0m[0mjsonRpcNotify: JsonRpcNotificationMessage(2.0, build/taskStart, {"taskId":{"id":"1259","parents":[]},"eventTime":1653794999221,"message":"Compiling project2-test","dataKind":"compile-task","data":{"target":{"uri":"file:/C:/Users/Home/Desktop/Big-Data/project2/#project2/Test"}}})[0m
[0m[[0m[0mdebug[0m] [0m[0mjsonRpcNotify: JsonRpcNotificationMessage(2.0, build/taskFinish, {"taskId":{"id":"1259","parents":[]},"eventTime":1653794999240,"message":"Compiled project2-test","status":1,"dataKind":"compile-report","data":{"target":{"uri":"file:/C:/Users/Home/Desktop/Big-Data/project2/#project2/Test"},"errors":0,"warnings":0,"time":19}})[0m
[0m[[0m[32msuccess[0m] [0m[0mTotal time: 0 s, completed May 28, 2022 11:29:59 PM[0m
[0m[[0m[0mdebug[0m] [0m[0munmatched Done event for requestId None: None[0m
[0m[[0m[0mdebug[0m] [0m[0m> Exec(collectAnalyses, None, Some(CommandSource(network-1)))[0m
[0m[[0m[0mdebug[0m] [0m[0munmatched Processing event for requestId None: None[0m
[0m[[0m[0mdebug[0m] [0m[0mEvaluating tasks: Compile / collectAnalyses[0m
[0m[[0m[0mdebug[0m] [0m[0mRunning task... Cancel: Signal, check cycles: false, forcegc: true[0m
[0m[[0m[0mdebug[0m] [0m[0manalysis location (C:\Users\Home\Desktop\Big-Data\project2\target\scala-2.11\zinc\inc_compile_2.11.zip,true)[0m
[0m[[0m[32msuccess[0m] [0m[0mTotal time: 0 s, completed May 28, 2022 11:29:59 PM[0m
[0m[[0m[0mdebug[0m] [0m[0munmatched Done event for requestId None: None[0m
[0m[[0m[0mdebug[0m] [0m[0m> Exec(shell, None, None)[0m
