[0m[[0m[0mdebug[0m] [0m[0m> Exec(run, Some(3ad29dc7-21b1-46b7-a7de-69140ab86595), Some(CommandSource(console0)))[0m
[0m[[0m[0mdebug[0m] [0m[0mEvaluating tasks: Compile / run[0m
[0m[[0m[0mdebug[0m] [0m[0mRunning task... Cancel: Signal, check cycles: false, forcegc: true[0m
[0m[[0m[0minfo[0m] [0m[0mcompiling 1 Scala source to C:\Users\Home\Desktop\Big-Data\project2\target\scala-2.11\classes ...[0m
[0m[[0m[31merror[0m] [0m[0morg.apache.spark.sql.AnalysisException: cannot resolve '`max`' given input columns: [data.Product_ID, data.Country, data.Payment Type, data.ecommerce_website_name, data.Customer_name, data.Customer_id, data.Payment Status, data.Payment Transaciton ID, data.Datetime, data.QTY, data.City, data.Order_id, data.Product_Name, data.Notes, data.Price, data.Product_Category]; line 1 pos 131;[0m
[0m[[0m[31merror[0m] [0m[0m'Distinct[0m
[0m[[0m[31merror[0m] [0m[0m+- 'Aggregate ['Country], ['Country, 'max('QTY) AS max#42][0m
[0m[[0m[31merror[0m] [0m[0m   +- 'Filter (Country#20 IN (Australia,Germany,China,Canada,Japan) && 'max RLIKE [0-9])[0m
[0m[[0m[31merror[0m] [0m[0m      +- SubqueryAlias data[0m
[0m[[0m[31merror[0m] [0m[0m         +- Relation[Order_id#10,Customer_id#11,Customer_name#12,Product_ID#13,Product_Name#14,Product_Category#15,Payment Type#16,QTY#17,Price#18,Datetime#19,Country#20,City#21,ecommerce_website_name#22,Payment Transaciton ID#23,Payment Status#24,Notes#25] csv[0m
[0m[[0m[31merror[0m] [0m[0m[0m
[0m[[0m[31merror[0m] [0m[0m	at org.apache.spark.sql.catalyst.analysis.package$AnalysisErrorAt.failAnalysis(package.scala:42)[0m
[0m[[0m[31merror[0m] [0m[0m	at org.apache.spark.sql.catalyst.analysis.CheckAnalysis$$anonfun$checkAnalysis$1$$anonfun$apply$2.applyOrElse(CheckAnalysis.scala:92)[0m
[0m[[0m[31merror[0m] [0m[0m	at org.apache.spark.sql.catalyst.analysis.CheckAnalysis$$anonfun$checkAnalysis$1$$anonfun$apply$2.applyOrElse(CheckAnalysis.scala:89)[0m
[0m[[0m[31merror[0m] [0m[0m	at org.apache.spark.sql.catalyst.trees.TreeNode$$anonfun$transformUp$1.apply(TreeNode.scala:289)[0m
[0m[[0m[31merror[0m] [0m[0m	at org.apache.spark.sql.catalyst.trees.TreeNode$$anonfun$transformUp$1.apply(TreeNode.scala:289)[0m
[0m[[0m[31merror[0m] [0m[0m	at org.apache.spark.sql.catalyst.trees.CurrentOrigin$.withOrigin(TreeNode.scala:70)[0m
[0m[[0m[31merror[0m] [0m[0m	at org.apache.spark.sql.catalyst.trees.TreeNode.transformUp(TreeNode.scala:288)[0m
[0m[[0m[31merror[0m] [0m[0m	at org.apache.spark.sql.catalyst.trees.TreeNode$$anonfun$3.apply(TreeNode.scala:286)[0m
[0m[[0m[31merror[0m] [0m[0m	at org.apache.spark.sql.catalyst.trees.TreeNode$$anonfun$3.apply(TreeNode.scala:286)[0m
[0m[[0m[31merror[0m] [0m[0m	at org.apache.spark.sql.catalyst.trees.TreeNode$$anonfun$4.apply(TreeNode.scala:306)[0m
[0m[[0m[31merror[0m] [0m[0m	at org.apache.spark.sql.catalyst.trees.TreeNode.mapProductIterator(TreeNode.scala:187)[0m
[0m[[0m[31merror[0m] [0m[0m	at org.apache.spark.sql.catalyst.trees.TreeNode.mapChildren(TreeNode.scala:304)[0m
[0m[[0m[31merror[0m] [0m[0m	at org.apache.spark.sql.catalyst.trees.TreeNode.transformUp(TreeNode.scala:286)[0m
[0m[[0m[31merror[0m] [0m[0m	at org.apache.spark.sql.catalyst.trees.TreeNode$$anonfun$3.apply(TreeNode.scala:286)[0m
[0m[[0m[31merror[0m] [0m[0m	at org.apache.spark.sql.catalyst.trees.TreeNode$$anonfun$3.apply(TreeNode.scala:286)[0m
[0m[[0m[31merror[0m] [0m[0m	at org.apache.spark.sql.catalyst.trees.TreeNode$$anonfun$4.apply(TreeNode.scala:306)[0m
[0m[[0m[31merror[0m] [0m[0m	at org.apache.spark.sql.catalyst.trees.TreeNode.mapProductIterator(TreeNode.scala:187)[0m
[0m[[0m[31merror[0m] [0m[0m	at org.apache.spark.sql.catalyst.trees.TreeNode.mapChildren(TreeNode.scala:304)[0m
[0m[[0m[31merror[0m] [0m[0m	at org.apache.spark.sql.catalyst.trees.TreeNode.transformUp(TreeNode.scala:286)[0m
[0m[[0m[31merror[0m] [0m[0m	at org.apache.spark.sql.catalyst.plans.QueryPlan$$anonfun$transformExpressionsUp$1.apply(QueryPlan.scala:95)[0m
[0m[[0m[31merror[0m] [0m[0m	at org.apache.spark.sql.catalyst.plans.QueryPlan$$anonfun$transformExpressionsUp$1.apply(QueryPlan.scala:95)[0m
[0m[[0m[31merror[0m] [0m[0m	at org.apache.spark.sql.catalyst.plans.QueryPlan$$anonfun$1.apply(QueryPlan.scala:107)[0m
[0m[[0m[31merror[0m] [0m[0m	at org.apache.spark.sql.catalyst.plans.QueryPlan$$anonfun$1.apply(QueryPlan.scala:107)[0m
[0m[[0m[31merror[0m] [0m[0m	at org.apache.spark.sql.catalyst.trees.CurrentOrigin$.withOrigin(TreeNode.scala:70)[0m
[0m[[0m[31merror[0m] [0m[0m	at org.apache.spark.sql.catalyst.plans.QueryPlan.transformExpression$1(QueryPlan.scala:106)[0m
[0m[[0m[31merror[0m] [0m[0m	at org.apache.spark.sql.catalyst.plans.QueryPlan.org$apache$spark$sql$catalyst$plans$QueryPlan$$recursiveTransform$1(QueryPlan.scala:118)[0m
[0m[[0m[31merror[0m] [0m[0m	at org.apache.spark.sql.catalyst.plans.QueryPlan$$anonfun$2.apply(QueryPlan.scala:127)[0m
[0m[[0m[31merror[0m] [0m[0m	at org.apache.spark.sql.catalyst.trees.TreeNode.mapProductIterator(TreeNode.scala:187)[0m
[0m[[0m[31merror[0m] [0m[0m	at org.apache.spark.sql.catalyst.plans.QueryPlan.mapExpressions(QueryPlan.scala:127)[0m
[0m[[0m[31merror[0m] [0m[0m	at org.apache.spark.sql.catalyst.plans.QueryPlan.transformExpressionsUp(QueryPlan.scala:95)[0m
[0m[[0m[31merror[0m] [0m[0m	at org.apache.spark.sql.catalyst.analysis.CheckAnalysis$$anonfun$checkAnalysis$1.apply(CheckAnalysis.scala:89)[0m
[0m[[0m[31merror[0m] [0m[0m	at org.apache.spark.sql.catalyst.analysis.CheckAnalysis$$anonfun$checkAnalysis$1.apply(CheckAnalysis.scala:84)[0m
[0m[[0m[31merror[0m] [0m[0m	at org.apache.spark.sql.catalyst.trees.TreeNode.foreachUp(TreeNode.scala:127)[0m
[0m[[0m[31merror[0m] [0m[0m	at org.apache.spark.sql.catalyst.trees.TreeNode$$anonfun$foreachUp$1.apply(TreeNode.scala:126)[0m
[0m[[0m[31merror[0m] [0m[0m	at org.apache.spark.sql.catalyst.trees.TreeNode$$anonfun$foreachUp$1.apply(TreeNode.scala:126)[0m
[0m[[0m[31merror[0m] [0m[0m	at scala.collection.immutable.List.foreach(List.scala:392)[0m
[0m[[0m[31merror[0m] [0m[0m	at org.apache.spark.sql.catalyst.trees.TreeNode.foreachUp(TreeNode.scala:126)[0m
[0m[[0m[31merror[0m] [0m[0m	at org.apache.spark.sql.catalyst.trees.TreeNode$$anonfun$foreachUp$1.apply(TreeNode.scala:126)[0m
[0m[[0m[31merror[0m] [0m[0m	at org.apache.spark.sql.catalyst.trees.TreeNode$$anonfun$foreachUp$1.apply(TreeNode.scala:126)[0m
[0m[[0m[31merror[0m] [0m[0m	at scala.collection.immutable.List.foreach(List.scala:392)[0m
[0m[[0m[31merror[0m] [0m[0m	at org.apache.spark.sql.catalyst.trees.TreeNode.foreachUp(TreeNode.scala:126)[0m
[0m[[0m[31merror[0m] [0m[0m	at org.apache.spark.sql.catalyst.analysis.CheckAnalysis$class.checkAnalysis(CheckAnalysis.scala:84)[0m
[0m[[0m[31merror[0m] [0m[0m	at org.apache.spark.sql.catalyst.analysis.Analyzer.checkAnalysis(Analyzer.scala:92)[0m
[0m[[0m[31merror[0m] [0m[0m	at org.apache.spark.sql.catalyst.analysis.Analyzer.executeAndCheck(Analyzer.scala:105)[0m
[0m[[0m[31merror[0m] [0m[0m	at org.apache.spark.sql.execution.QueryExecution.analyzed$lzycompute(QueryExecution.scala:57)[0m
[0m[[0m[31merror[0m] [0m[0m	at org.apache.spark.sql.execution.QueryExecution.analyzed(QueryExecution.scala:55)[0m
[0m[[0m[31merror[0m] [0m[0m	at org.apache.spark.sql.execution.QueryExecution.assertAnalyzed(QueryExecution.scala:47)[0m
[0m[[0m[31merror[0m] [0m[0m	at org.apache.spark.sql.Dataset$.ofRows(Dataset.scala:74)[0m
[0m[[0m[31merror[0m] [0m[0m	at org.apache.spark.sql.SparkSession.sql(SparkSession.scala:642)[0m
[0m[[0m[31merror[0m] [0m[0m	at project2$.main(project2.scala:29)[0m
[0m[[0m[31merror[0m] [0m[0m	at project2.main(project2.scala)[0m
[0m[[0m[31merror[0m] [0m[0m	at sun.reflect.NativeMethodAccessorImpl.invoke0(Native Method)[0m
[0m[[0m[31merror[0m] [0m[0m	at sun.reflect.NativeMethodAccessorImpl.invoke(Unknown Source)[0m
[0m[[0m[31merror[0m] [0m[0m	at sun.reflect.DelegatingMethodAccessorImpl.invoke(Unknown Source)[0m
[0m[[0m[31merror[0m] [0m[0m	at java.lang.reflect.Method.invoke(Unknown Source)[0m
[0m[[0m[31merror[0m] [0m[0m	at sbt.Run.invokeMain(Run.scala:143)[0m
[0m[[0m[31merror[0m] [0m[0m	at sbt.Run.execute$1(Run.scala:93)[0m
[0m[[0m[31merror[0m] [0m[0m	at sbt.Run.$anonfun$runWithLoader$5(Run.scala:120)[0m
[0m[[0m[31merror[0m] [0m[0m	at sbt.Run$.executeSuccess(Run.scala:186)[0m
[0m[[0m[31merror[0m] [0m[0m	at sbt.Run.runWithLoader(Run.scala:120)[0m
[0m[[0m[31merror[0m] [0m[0m	at sbt.Defaults$.$anonfun$bgRunTask$6(Defaults.scala:1983)[0m
[0m[[0m[31merror[0m] [0m[0m	at sbt.Defaults$.$anonfun$termWrapper$2(Defaults.scala:1922)[0m
[0m[[0m[31merror[0m] [0m[0m	at scala.runtime.java8.JFunction0$mcV$sp.apply(JFunction0$mcV$sp.java:23)[0m
[0m[[0m[31merror[0m] [0m[0m	at scala.util.Try$.apply(Try.scala:213)[0m
[0m[[0m[31merror[0m] [0m[0m	at sbt.internal.BackgroundThreadPool$BackgroundRunnable.run(DefaultBackgroundJobService.scala:369)[0m
[0m[[0m[31merror[0m] [0m[0m	at java.util.concurrent.ThreadPoolExecutor.runWorker(Unknown Source)[0m
[0m[[0m[31merror[0m] [0m[0m	at java.util.concurrent.ThreadPoolExecutor$Worker.run(Unknown Source)[0m
[0m[[0m[31merror[0m] [0m[0m	at java.lang.Thread.run(Unknown Source)[0m
[0m[[0m[31merror[0m] [0m[0m(Compile / [31mrun[0m) org.apache.spark.sql.AnalysisException: cannot resolve '`max`' given input columns: [data.Product_ID, data.Country, data.Payment Type, data.ecommerce_website_name, data.Customer_name, data.Customer_id, data.Payment Status, data.Payment Transaciton ID, data.Datetime, data.QTY, data.City, data.Order_id, data.Product_Name, data.Notes, data.Price, data.Product_Category]; line 1 pos 131;[0m
[0m[[0m[31merror[0m] [0m[0m'Distinct[0m
[0m[[0m[31merror[0m] [0m[0m+- 'Aggregate ['Country], ['Country, 'max('QTY) AS max#42][0m
[0m[[0m[31merror[0m] [0m[0m   +- 'Filter (Country#20 IN (Australia,Germany,China,Canada,Japan) && 'max RLIKE [0-9])[0m
[0m[[0m[31merror[0m] [0m[0m      +- SubqueryAlias data[0m
[0m[[0m[31merror[0m] [0m[0m         +- Relation[Order_id#10,Customer_id#11,Customer_name#12,Product_ID#13,Product_Name#14,Product_Category#15,Payment Type#16,QTY#17,Price#18,Datetime#19,Country#20,City#21,ecommerce_website_name#22,Payment Transaciton ID#23,Payment Status#24,Notes#25] csv[0m
[0m[[0m[31merror[0m] [0m[0mTotal time: 19 s, completed May 27, 2022 6:04:33 PM[0m
[0m[[0m[0mdebug[0m] [0m[0m> Exec(shell, None, None)[0m
